# JRE version: OpenJDK Runtime Environment (21.0.6) (build 21.0.6+-13368085-b895.109)
# Java VM: OpenJDK 64-Bit Server VM (21.0.6+-13368085-b895.109, mixed mode, tiered, compressed oops, compressed class ptrs, g1 gc, windows-amd64)
GC Precious Log:
 CardTable entry size: 512
 Card Set container configuration: InlinePtr #cards 5 size 8 Array Of Cards #cards 12 size 40 Howl #buckets 4 coarsen threshold 1843 Howl Bitmap #cards 512 size 80 coarsen threshold 460 Card regions per heap region 1 cards per card region 2048
 CPUs: 16 total, 16 available
 Memory: 14188M
 Large Page Support: Disabled
 NUMA Support: Disabled
 Compressed Oops: Enabled (32-bit)
 Heap Region Size: 1M
 Heap Min Capacity: 8M
 Heap Initial Capacity: 222M
 Heap Max Capacity: 2G
 Pre-touch: Disabled
 Parallel Workers: 13
 Concurrent Workers: 3
 Concurrent Refinement Workers: 13
 Periodic GC: Disabled
Heap:
 garbage-first heap   total 104448K, used 73067K [0x0000000080000000, 0x0000000100000000)
  region size 1024K, 24 young (24576K), 4 survivors (4096K)
 Metaspace       used 54784K, committed 56320K, reserved 1114112K
  class space    used 7377K, committed 8128K, reserved 1048576K
GC Heap History (20 events):
Event: 1.741 GC heap before
{Heap before GC invocations=2 (full 0):
 garbage-first heap   total 227328K, used 61396K [0x0000000080000000, 0x0000000100000000)
  region size 1024K, 53 young (54272K), 5 survivors (5120K)
 Metaspace       used 14349K, committed 14528K, reserved 1114112K
  class space    used 1556K, committed 1664K, reserved 1048576K
}
Event: 1.746 GC heap after
{Heap after GC invocations=3 (full 0):
 garbage-first heap   total 227328K, used 17603K [0x0000000080000000, 0x0000000100000000)
  region size 1024K, 6 young (6144K), 6 survivors (6144K)
 Metaspace       used 14349K, committed 14528K, reserved 1114112K
  class space    used 1556K, committed 1664K, reserved 1048576K
}
Event: 3.730 GC heap before
{Heap before GC invocations=3 (full 0):
 garbage-first heap   total 227328K, used 40131K [0x0000000080000000, 0x0000000100000000)
  region size 1024K, 29 young (29696K), 6 survivors (6144K)
 Metaspace       used 21248K, committed 21504K, reserved 1114112K
  class space    used 2423K, committed 2560K, reserved 1048576K
}
Event: 3.732 GC heap after
{Heap after GC invocations=4 (full 0):
 garbage-first heap   total 227328K, used 20134K [0x0000000080000000, 0x0000000100000000)
  region size 1024K, 9 young (9216K), 9 survivors (9216K)
 Metaspace       used 21248K, committed 21504K, reserved 1114112K
  class space    used 2423K, committed 2560K, reserved 1048576K
}
Event: 4.871 GC heap before
{Heap before GC invocations=5 (full 0):
 garbage-first heap   total 71680K, used 69286K [0x0000000080000000, 0x0000000100000000)
  region size 1024K, 58 young (59392K), 9 survivors (9216K)
 Metaspace       used 29278K, committed 29888K, reserved 1114112K
  class space    used 3702K, committed 3968K, reserved 1048576K
}
Event: 4.877 GC heap after
{Heap after GC invocations=6 (full 0):
 garbage-first heap   total 83968K, used 23228K [0x0000000080000000, 0x0000000100000000)
  region size 1024K, 12 young (12288K), 12 survivors (12288K)
 Metaspace       used 29278K, committed 29888K, reserved 1114112K
  class space    used 3702K, committed 3968K, reserved 1048576K
}
Event: 6.509 GC heap before
{Heap before GC invocations=6 (full 0):
 garbage-first heap   total 83968K, used 60092K [0x0000000080000000, 0x0000000100000000)
  region size 1024K, 49 young (50176K), 12 survivors (12288K)
 Metaspace       used 34013K, committed 34816K, reserved 1114112K
  class space    used 4509K, committed 4864K, reserved 1048576K
}
Event: 6.515 GC heap after
{Heap after GC invocations=7 (full 0):
 garbage-first heap   total 83968K, used 25594K [0x0000000080000000, 0x0000000100000000)
  region size 1024K, 6 young (6144K), 6 survivors (6144K)
 Metaspace       used 34013K, committed 34816K, reserved 1114112K
  class space    used 4509K, committed 4864K, reserved 1048576K
}
Event: 7.236 GC heap before
{Heap before GC invocations=7 (full 0):
 garbage-first heap   total 83968K, used 47098K [0x0000000080000000, 0x0000000100000000)
  region size 1024K, 17 young (17408K), 6 survivors (6144K)
 Metaspace       used 35123K, committed 35968K, reserved 1114112K
  class space    used 4698K, committed 5120K, reserved 1048576K
}
Event: 7.240 GC heap after
{Heap after GC invocations=8 (full 0):
 garbage-first heap   total 83968K, used 41061K [0x0000000080000000, 0x0000000100000000)
  region size 1024K, 6 young (6144K), 6 survivors (6144K)
 Metaspace       used 35123K, committed 35968K, reserved 1114112K
  class space    used 4698K, committed 5120K, reserved 1048576K
}
Event: 8.144 GC heap before
{Heap before GC invocations=9 (full 0):
 garbage-first heap   total 83968K, used 70757K [0x0000000080000000, 0x0000000100000000)
  region size 1024K, 35 young (35840K), 6 survivors (6144K)
 Metaspace       used 38630K, committed 39680K, reserved 1114112K
  class space    used 5243K, committed 5760K, reserved 1048576K
}
Event: 8.148 GC heap after
{Heap after GC invocations=10 (full 0):
 garbage-first heap   total 83968K, used 45371K [0x0000000080000000, 0x0000000100000000)
  region size 1024K, 3 young (3072K), 3 survivors (3072K)
 Metaspace       used 38630K, committed 39680K, reserved 1114112K
  class space    used 5243K, committed 5760K, reserved 1048576K
}
Event: 8.624 GC heap before
{Heap before GC invocations=10 (full 0):
 garbage-first heap   total 83968K, used 73019K [0x0000000080000000, 0x0000000100000000)
  region size 1024K, 30 young (30720K), 3 survivors (3072K)
 Metaspace       used 42338K, committed 43584K, reserved 1114112K
  class space    used 5846K, committed 6464K, reserved 1048576K
}
Event: 8.627 GC heap after
{Heap after GC invocations=11 (full 0):
 garbage-first heap   total 83968K, used 46901K [0x0000000080000000, 0x0000000100000000)
  region size 1024K, 2 young (2048K), 2 survivors (2048K)
 Metaspace       used 42338K, committed 43584K, reserved 1114112K
  class space    used 5846K, committed 6464K, reserved 1048576K
}
Event: 9.186 GC heap before
{Heap before GC invocations=11 (full 0):
 garbage-first heap   total 83968K, used 73525K [0x0000000080000000, 0x0000000100000000)
  region size 1024K, 29 young (29696K), 2 survivors (2048K)
 Metaspace       used 48352K, committed 49664K, reserved 1114112K
  class space    used 6578K, committed 7232K, reserved 1048576K
}
Event: 9.190 GC heap after
{Heap after GC invocations=12 (full 0):
 garbage-first heap   total 83968K, used 50028K [0x0000000080000000, 0x0000000100000000)
  region size 1024K, 4 young (4096K), 4 survivors (4096K)
 Metaspace       used 48352K, committed 49664K, reserved 1114112K
  class space    used 6578K, committed 7232K, reserved 1048576K
}
Event: 9.412 GC heap before
{Heap before GC invocations=13 (full 0):
 garbage-first heap   total 83968K, used 73580K [0x0000000080000000, 0x0000000100000000)
  region size 1024K, 28 young (28672K), 4 survivors (4096K)
 Metaspace       used 49356K, committed 50688K, reserved 1114112K
  class space    used 6652K, committed 7296K, reserved 1048576K
}
Event: 9.417 GC heap after
{Heap after GC invocations=14 (full 0):
 garbage-first heap   total 83968K, used 52522K [0x0000000080000000, 0x0000000100000000)
  region size 1024K, 3 young (3072K), 3 survivors (3072K)
 Metaspace       used 49356K, committed 50688K, reserved 1114112K
  class space    used 6652K, committed 7296K, reserved 1048576K
}
Event: 9.913 GC heap before
{Heap before GC invocations=14 (full 0):
 garbage-first heap   total 83968K, used 79146K [0x0000000080000000, 0x0000000100000000)
  region size 1024K, 25 young (25600K), 3 survivors (3072K)
 Metaspace       used 52395K, committed 53824K, reserved 1114112K
  class space    used 6973K, committed 7680K, reserved 1048576K
}
Event: 10.015 GC heap after
{Heap after GC invocations=15 (full 0):
 garbage-first heap   total 104448K, used 53611K [0x0000000080000000, 0x0000000100000000)
  region size 1024K, 4 young (4096K), 4 survivors (4096K)
 Metaspace       used 52395K, committed 53824K, reserved 1114112K
  class space    used 6973K, committed 7680K, reserved 1048576K
}

